ARM GAS  /var/folders/cb/0rfcg7_d4zbdkgdchwlcykcc0000gn/T//ccJnK9Nk.s 			page 1


   1              		.cpu cortex-m4
   2              		.eabi_attribute 27, 1
   3              		.eabi_attribute 28, 1
   4              		.eabi_attribute 20, 1
   5              		.eabi_attribute 21, 1
   6              		.eabi_attribute 23, 3
   7              		.eabi_attribute 24, 1
   8              		.eabi_attribute 25, 1
   9              		.eabi_attribute 26, 1
  10              		.eabi_attribute 30, 1
  11              		.eabi_attribute 34, 1
  12              		.eabi_attribute 18, 4
  13              		.file	"bsp_USART.c"
  14              		.text
  15              	.Ltext0:
  16              		.cfi_sections	.debug_frame
  17              		.section	.text.fputc,"ax",%progbits
  18              		.align	1
  19              		.global	fputc
  20              		.arch armv7e-m
  21              		.syntax unified
  22              		.thumb
  23              		.thumb_func
  24              		.fpu fpv4-sp-d16
  26              	fputc:
  27              	.LVL0:
  28              	.LFB133:
  29              		.file 1 "USER/BSP/Src/bsp_USART.c"
   1:USER/BSP/Src/bsp_USART.c **** #include "bsp_USART.h"
   2:USER/BSP/Src/bsp_USART.c **** 
   3:USER/BSP/Src/bsp_USART.c **** /**
   4:USER/BSP/Src/bsp_USART.c ****  * @brief 输出重定向，将printf定向到串口发送
   5:USER/BSP/Src/bsp_USART.c ****  * 
   6:USER/BSP/Src/bsp_USART.c ****  * @param ch 发送的字符
   7:USER/BSP/Src/bsp_USART.c ****  * @param f 文件指针
   8:USER/BSP/Src/bsp_USART.c ****  * @return int 成功返回字符ascii码
   9:USER/BSP/Src/bsp_USART.c ****  */
  10:USER/BSP/Src/bsp_USART.c **** 
  11:USER/BSP/Src/bsp_USART.c **** extern UART_HandleTypeDef huart3;
  12:USER/BSP/Src/bsp_USART.c **** 
  13:USER/BSP/Src/bsp_USART.c **** int fputc(int ch,FILE *f)
  14:USER/BSP/Src/bsp_USART.c **** {
  30              		.loc 1 14 1 view -0
  31              		.cfi_startproc
  32              		@ args = 0, pretend = 0, frame = 8
  33              		@ frame_needed = 0, uses_anonymous_args = 0
  34              		.loc 1 14 1 is_stmt 0 view .LVU1
  35 0000 10B5     		push	{r4, lr}
  36              	.LCFI0:
  37              		.cfi_def_cfa_offset 8
  38              		.cfi_offset 4, -8
  39              		.cfi_offset 14, -4
  40 0002 82B0     		sub	sp, sp, #8
  41              	.LCFI1:
  42              		.cfi_def_cfa_offset 16
  43 0004 0446     		mov	r4, r0
  15:USER/BSP/Src/bsp_USART.c ****     uint8_t temp[1]={ch};
ARM GAS  /var/folders/cb/0rfcg7_d4zbdkgdchwlcykcc0000gn/T//ccJnK9Nk.s 			page 2


  44              		.loc 1 15 5 is_stmt 1 view .LVU2
  45              		.loc 1 15 13 is_stmt 0 view .LVU3
  46 0006 8DF80400 		strb	r0, [sp, #4]
  16:USER/BSP/Src/bsp_USART.c ****     HAL_UART_Transmit(&huart3,temp,1,2);       
  47              		.loc 1 16 5 is_stmt 1 view .LVU4
  48 000a 0223     		movs	r3, #2
  49 000c 0122     		movs	r2, #1
  50 000e 01A9     		add	r1, sp, #4
  51              	.LVL1:
  52              		.loc 1 16 5 is_stmt 0 view .LVU5
  53 0010 0248     		ldr	r0, .L3
  54              	.LVL2:
  55              		.loc 1 16 5 view .LVU6
  56 0012 FFF7FEFF 		bl	HAL_UART_Transmit
  57              	.LVL3:
  17:USER/BSP/Src/bsp_USART.c **** 		return ch;
  58              		.loc 1 17 3 is_stmt 1 view .LVU7
  18:USER/BSP/Src/bsp_USART.c **** }
  59              		.loc 1 18 1 is_stmt 0 view .LVU8
  60 0016 2046     		mov	r0, r4
  61 0018 02B0     		add	sp, sp, #8
  62              	.LCFI2:
  63              		.cfi_def_cfa_offset 8
  64              		@ sp needed
  65 001a 10BD     		pop	{r4, pc}
  66              	.LVL4:
  67              	.L4:
  68              		.loc 1 18 1 view .LVU9
  69              		.align	2
  70              	.L3:
  71 001c 00000000 		.word	huart3
  72              		.cfi_endproc
  73              	.LFE133:
  75              		.text
  76              	.Letext0:
  77              		.file 2 "/Applications/ARM/arm-none-eabi/include/machine/_default_types.h"
  78              		.file 3 "/Applications/ARM/arm-none-eabi/include/sys/_stdint.h"
  79              		.file 4 "Drivers/CMSIS/Include/core_cm4.h"
  80              		.file 5 "Drivers/CMSIS/Device/ST/STM32F4xx/Include/system_stm32f4xx.h"
  81              		.file 6 "Drivers/CMSIS/Device/ST/STM32F4xx/Include/stm32f407xx.h"
  82              		.file 7 "Drivers/STM32F4xx_HAL_Driver/Inc/stm32f4xx_hal_def.h"
  83              		.file 8 "Drivers/STM32F4xx_HAL_Driver/Inc/stm32f4xx_hal_dma.h"
  84              		.file 9 "Drivers/STM32F4xx_HAL_Driver/Inc/stm32f4xx_hal_uart.h"
  85              		.file 10 "Drivers/STM32F4xx_HAL_Driver/Inc/stm32f4xx_hal.h"
  86              		.file 11 "/Applications/ARM/lib/gcc/arm-none-eabi/9.3.1/include/stddef.h"
  87              		.file 12 "/Applications/ARM/arm-none-eabi/include/sys/_types.h"
  88              		.file 13 "/Applications/ARM/arm-none-eabi/include/sys/reent.h"
  89              		.file 14 "/Applications/ARM/arm-none-eabi/include/sys/lock.h"
  90              		.file 15 "/Applications/ARM/arm-none-eabi/include/stdio.h"
ARM GAS  /var/folders/cb/0rfcg7_d4zbdkgdchwlcykcc0000gn/T//ccJnK9Nk.s 			page 3


DEFINED SYMBOLS
                            *ABS*:0000000000000000 bsp_USART.c
/var/folders/cb/0rfcg7_d4zbdkgdchwlcykcc0000gn/T//ccJnK9Nk.s:18     .text.fputc:0000000000000000 $t
/var/folders/cb/0rfcg7_d4zbdkgdchwlcykcc0000gn/T//ccJnK9Nk.s:26     .text.fputc:0000000000000000 fputc
/var/folders/cb/0rfcg7_d4zbdkgdchwlcykcc0000gn/T//ccJnK9Nk.s:71     .text.fputc:000000000000001c $d

UNDEFINED SYMBOLS
HAL_UART_Transmit
huart3
